<?xml version="1.0" encoding="UTF-8"?>
<!-- Generated by org.testng.reporters.JUnitXMLReporter -->
<testsuite ignored="0" hostname="mtayyabansari" failures="0" tests="3" name="Test" time="27.346" errors="0" timestamp="2024-07-01T17:13:47 PKT">
  <testcase classname="qa.com.testcases.loginTest" name="loginWithValidCredentials" time="5.182"/>
  <testcase classname="qa.com.testcases.loginTest" name="sortItemsLowToHighAndAddToCart" time="2.462"/>
  <testcase classname="qa.com.testcases.InvalidLoginTest" name="loginWithInvalidCredentials" time="4.634"/>
</testsuite> <!-- Test -->
