<?xml version="1.0" encoding="UTF-8"?>
<testng-results ignored="0" total="3" passed="3" failed="0" skipped="0">
  <reporter-output>
  </reporter-output>
  <suite started-at="2024-07-01T17:13:20 PKT" name="Suite" finished-at="2024-07-01T17:13:47 PKT" duration-ms="27346">
    <groups>
    </groups>
    <test started-at="2024-07-01T17:13:20 PKT" name="Test" finished-at="2024-07-01T17:13:47 PKT" duration-ms="27346">
      <class name="qa.com.testcases.loginTest">
        <test-method is-config="true" signature="setUp()[pri:0, instance:qa.com.testcases.loginTest@4b168fa9]" started-at="2024-07-01T17:13:20 PKT" name="setUp" finished-at="2024-07-01T17:13:28 PKT" duration-ms="7745" status="PASS">
          <reporter-output>
          </reporter-output>
        </test-method> <!-- setUp -->
        <test-method signature="loginWithValidCredentials()[pri:1, instance:qa.com.testcases.loginTest@4b168fa9]" started-at="2024-07-01T17:13:28 PKT" name="loginWithValidCredentials" finished-at="2024-07-01T17:13:33 PKT" duration-ms="5182" status="PASS">
          <reporter-output>
          </reporter-output>
        </test-method> <!-- loginWithValidCredentials -->
        <test-method signature="sortItemsLowToHighAndAddToCart()[pri:2, instance:qa.com.testcases.loginTest@4b168fa9]" started-at="2024-07-01T17:13:33 PKT" name="sortItemsLowToHighAndAddToCart" finished-at="2024-07-01T17:13:35 PKT" depends-on-methods="qa.com.testcases.loginTest.loginWithValidCredentials" duration-ms="2462" status="PASS">
          <reporter-output>
          </reporter-output>
        </test-method> <!-- sortItemsLowToHighAndAddToCart -->
        <test-method is-config="true" signature="tearDown()[pri:0, instance:qa.com.testcases.loginTest@4b168fa9]" started-at="2024-07-01T17:13:35 PKT" name="tearDown" finished-at="2024-07-01T17:13:35 PKT" duration-ms="97" status="PASS">
          <reporter-output>
          </reporter-output>
        </test-method> <!-- tearDown -->
      </class> <!-- qa.com.testcases.loginTest -->
      <class name="qa.com.testcases.InvalidLoginTest">
        <test-method is-config="true" signature="setUp()[pri:0, instance:qa.com.testcases.InvalidLoginTest@55a561cf]" started-at="2024-07-01T17:13:35 PKT" name="setUp" finished-at="2024-07-01T17:13:42 PKT" duration-ms="7038" status="PASS">
          <reporter-output>
          </reporter-output>
        </test-method> <!-- setUp -->
        <test-method signature="loginWithInvalidCredentials()[pri:1, instance:qa.com.testcases.InvalidLoginTest@55a561cf]" started-at="2024-07-01T17:13:42 PKT" name="loginWithInvalidCredentials" finished-at="2024-07-01T17:13:47 PKT" duration-ms="4634" status="PASS">
          <reporter-output>
          </reporter-output>
        </test-method> <!-- loginWithInvalidCredentials -->
        <test-method is-config="true" signature="tearDown()[pri:0, instance:qa.com.testcases.InvalidLoginTest@55a561cf]" started-at="2024-07-01T17:13:47 PKT" name="tearDown" finished-at="2024-07-01T17:13:47 PKT" duration-ms="89" status="PASS">
          <reporter-output>
          </reporter-output>
        </test-method> <!-- tearDown -->
      </class> <!-- qa.com.testcases.InvalidLoginTest -->
    </test> <!-- Test -->
  </suite> <!-- Suite -->
</testng-results>
