<?xml version="1.0" encoding="UTF-8"?>
<testsuite xmlns:xsi="http://www.w3.org/2001/XMLSchema-instance" xsi:noNamespaceSchemaLocation="https://maven.apache.org/surefire/maven-surefire-plugin/xsd/surefire-test-report.xsd" name="TestSuite" time="27.66" tests="3" errors="0" skipped="0" failures="0">
  <properties>
[...]
</properties>
  <testcase name="loginWithValidCredentials" classname="qa.com.testcases.loginTest" time="5.185"/>
  <testcase name="sortItemsLowToHighAndAddToCart" classname="qa.com.testcases.loginTest" time="2.462"/>
  <testcase name="loginWithInvalidCredentials" classname="qa.com.testcases.InvalidLoginTest" time="4.633"/>
</testsuite>